<?xml version="1.0" encoding="UTF-8"?>
<!-- Generated by org.testng.reporters.JUnitReportReporter -->
<testsuite hostname="DESKTOP-B5E0837" failures="0" tests="1" name="FitPeoAssignment.Assignment.FitPeo" time="28.216" errors="0" timestamp="2024-11-25T20:36:54 IST" skipped="0">
  <testcase classname="FitPeoAssignment.Assignment.FitPeo" name="navigationTest" time="28.216"/>
</testsuite> <!-- FitPeoAssignment.Assignment.FitPeo -->
